                Time          Cycles PC       Instr    Mnemonic
                 321              13 00000000 00002503 lw               x10, 0(x0)          x10=b1f05663  PA:00000000
                 461              20 00000004 00002003 lw               x0, 0(x0)            PA:00000000
                 601              27 00000008 12154503 lbu              x10, 289(x10)       x10=00000081 x10:b1f05663  PA:b1f05784
                 741              34 0000000c 00a02023 sw               x10, 0(x0)          x10:00000081  PA:00000000
                 781              36 00000010 00a02023 sw               x10, 0(x0)          x10:00000081  PA:00000000
                 921              43 00000014 12154503 lbu              x10, 289(x10)       x10=xxxxxxxx x10:00000081
                1521              13 00000000 00002303 lw               x6, 0(x0)            x6=452e618a  PA:00000000
                1661              20 00000004 00002003 lw               x0, 0(x0)            PA:00000000
                1801              27 00000008 e5734a83 lbu              x21, -425(x6)       x21=0000004c  x6:452e618a  PA:452e5fe1
                1941              34 0000000c 01502023 sw               x21, 0(x0)          x21:0000004c  PA:00000000
                1981              36 00000010 01502023 sw               x21, 0(x0)          x21:0000004c  PA:00000000
                2121              43 00000014 e5734a83 lbu              x21, -425(x6)       x21=xxxxxxxx  x6:452e618a
                2721              13 00000000 00002283 lw               x5, 0(x0)            x5=bc148878  PA:00000000
                2861              20 00000004 00002003 lw               x0, 0(x0)            PA:00000000
                3001              27 00000008 0fd2cf03 lbu              x30, 253(x5)        x30=000000f6  x5:bc148878  PA:bc148975
                3141              34 0000000c 01e02023 sw               x30, 0(x0)          x30:000000f6  PA:00000000
                3181              36 00000010 01e02023 sw               x30, 0(x0)          x30:000000f6  PA:00000000
                3321              43 00000014 0fd2cf03 lbu              x30, 253(x5)        x30=xxxxxxxx  x5:bc148878
                3921              13 00000000 00002483 lw               x9, 0(x0)            x9=acb7ca59  PA:00000000
                4061              20 00000004 00002003 lw               x0, 0(x0)            PA:00000000
                4201              27 00000008 4a74cf83 lbu              x31, 1191(x9)       x31=00000093  x9:acb7ca59  PA:acb7cf00
                4341              34 0000000c 01f02023 sw               x31, 0(x0)          x31:00000093  PA:00000000
                4381              36 00000010 01f02023 sw               x31, 0(x0)          x31:00000093  PA:00000000
                4521              43 00000014 4a74cf83 lbu              x31, 1191(x9)       x31=xxxxxxxx  x9:acb7ca59
                5121              13 00000000 00002a83 lw               x21, 0(x0)          x21=3ced2b79  PA:00000000
                5261              20 00000004 00002003 lw               x0, 0(x0)            PA:00000000
                5401              27 00000008 3f5acb03 lbu              x22, 1013(x21)      x22=0000008d x21:3ced2b79  PA:3ced2f6e
                5541              34 0000000c 01602023 sw               x22, 0(x0)          x22:0000008d  PA:00000000
                5581              36 00000010 01602023 sw               x22, 0(x0)          x22:0000008d  PA:00000000
                5721              43 00000014 3f5acb03 lbu              x22, 1013(x21)      x22=xxxxxxxx x21:3ced2b79
                6321              13 00000000 00002503 lw               x10, 0(x0)          x10=f249a4e4  PA:00000000
                6461              20 00000004 00002003 lw               x0, 0(x0)            PA:00000000
                6601              27 00000008 19454103 lbu              x2, 404(x10)         x2=000000bd x10:f249a4e4  PA:f249a678
                6741              34 0000000c 00202023 sw               x2, 0(x0)            x2:000000bd  PA:00000000
                6781              36 00000010 00202023 sw               x2, 0(x0)            x2:000000bd  PA:00000000
                6921              43 00000014 19454103 lbu              x2, 404(x10)         x2=xxxxxxxx x10:f249a4e4
                7521              13 00000000 00002503 lw               x10, 0(x0)          x10=82223a04  PA:00000000
                7661              20 00000004 00002003 lw               x0, 0(x0)            PA:00000000
                7801              27 00000008 13b54503 lbu              x10, 315(x10)       x10=00000050 x10:82223a04  PA:82223b3f
                7941              34 0000000c 00a02023 sw               x10, 0(x0)          x10:00000050  PA:00000000
                7981              36 00000010 00a02023 sw               x10, 0(x0)          x10:00000050  PA:00000000
                8121              43 00000014 13b54503 lbu              x10, 315(x10)       x10=xxxxxxxx x10:00000050
                8721              13 00000000 00002c03 lw               x24, 0(x0)          x24=a18bee43  PA:00000000
                8861              20 00000004 00002003 lw               x0, 0(x0)            PA:00000000
                9001              27 00000008 0aec4503 lbu              x10, 174(x24)       x10=0000004e x24:a18bee43  PA:a18beef1
                9141              34 0000000c 00a02023 sw               x10, 0(x0)          x10:0000004e  PA:00000000
                9181              36 00000010 00a02023 sw               x10, 0(x0)          x10:0000004e  PA:00000000
                9321              43 00000014 0aec4503 lbu              x10, 174(x24)       x10=xxxxxxxx x24:a18bee43
                9921              13 00000000 00002a83 lw               x21, 0(x0)          x21=d55bbcaa  PA:00000000
               10061              20 00000004 00002003 lw               x0, 0(x0)            PA:00000000
               10201              27 00000008 0beac103 lbu              x2, 190(x21)         x2=0000006a x21:d55bbcaa  PA:d55bbd68
               10341              34 0000000c 00202023 sw               x2, 0(x0)            x2:0000006a  PA:00000000
               10381              36 00000010 00202023 sw               x2, 0(x0)            x2:0000006a  PA:00000000
               10521              43 00000014 0beac103 lbu              x2, 190(x21)         x2=xxxxxxxx x21:d55bbcaa
               11121              13 00000000 00002183 lw               x3, 0(x0)            x3=4226a984  PA:00000000
               11261              20 00000004 00002003 lw               x0, 0(x0)            PA:00000000
               11401              27 00000008 e471c883 lbu              x17, -441(x3)       x17=000000ae  x3:4226a984  PA:4226a7cb
               11541              34 0000000c 01102023 sw               x17, 0(x0)          x17:000000ae  PA:00000000
               11581              36 00000010 01102023 sw               x17, 0(x0)          x17:000000ae  PA:00000000
               11721              43 00000014 e471c883 lbu              x17, -441(x3)       x17=xxxxxxxx  x3:4226a984
